[  0%] Built target std_msgs_generate_messages_nodejs
[  0%] Built target std_msgs_generate_messages_lisp
[  0%] Built target std_msgs_generate_messages_cpp
[  0%] Built target std_msgs_generate_messages_eus
[  0%] Built target std_msgs_generate_messages_py
[  0%] Built target _tictoc_profiler_generate_messages_check_deps_ProfilerEntry
[  9%] [34m[1mGenerating Javascript code from tictoc_profiler/ProfilerEntry.msg[0m
[ 18%] [34m[1mGenerating C++ code from tictoc_profiler/ProfilerEntry.msg[0m
[ 45%] [34m[1mGenerating EusLisp code from tictoc_profiler/ProfilerEntry.msg[0m
[ 45%] [34m[1mGenerating Lisp code from tictoc_profiler/ProfilerEntry.msg[0m
[ 45%] [34m[1mGenerating Python from MSG tictoc_profiler/ProfilerEntry[0m
[ 54%] [34m[1mGenerating EusLisp manifest code for tictoc_profiler[0m
[ 54%] Built target tictoc_profiler_generate_messages_nodejs
[ 54%] Built target tictoc_profiler_generate_messages_lisp
[ 54%] Built target tictoc_profiler_generate_messages_cpp
[ 63%] [32mBuilding CXX object CMakeFiles/tictoc_profiler.dir/src/profiler.cpp.o[0m
[ 72%] [34m[1mGenerating Python msg __init__.py for tictoc_profiler[0m
[ 72%] Built target tictoc_profiler_generate_messages_py
[ 72%] Built target tictoc_profiler_generate_messages_eus
[ 72%] Built target tictoc_profiler_generate_messages
[ 81%] [32m[1mLinking CXX shared library /home/dars/kameyama_ws/devel/.private/tictoc_profiler/lib/libtictoc_profiler.so[0m
[ 81%] Built target tictoc_profiler
[ 90%] [32mBuilding CXX object CMakeFiles/tictoc_profiler_example.dir/src/example.cpp.o[0m
[100%] [32m[1mLinking CXX executable /home/dars/kameyama_ws/devel/.private/tictoc_profiler/lib/tictoc_profiler/tictoc_profiler_example[0m
[100%] Built target tictoc_profiler_example
