Linked: (/home/dars/kameyama_ws/devel/.private/tictoc_profiler/share/common-lisp/ros/tictoc_profiler/msg/tictoc_profiler-msg.asd, /home/dars/kameyama_ws/devel/share/common-lisp/ros/tictoc_profiler/msg/tictoc_profiler-msg.asd)
Linked: (/home/dars/kameyama_ws/devel/.private/tictoc_profiler/share/common-lisp/ros/tictoc_profiler/msg/_package.lisp, /home/dars/kameyama_ws/devel/share/common-lisp/ros/tictoc_profiler/msg/_package.lisp)
Linked: (/home/dars/kameyama_ws/devel/.private/tictoc_profiler/share/common-lisp/ros/tictoc_profiler/msg/_package_ProfilerEntry.lisp, /home/dars/kameyama_ws/devel/share/common-lisp/ros/tictoc_profiler/msg/_package_ProfilerEntry.lisp)
Linked: (/home/dars/kameyama_ws/devel/.private/tictoc_profiler/share/common-lisp/ros/tictoc_profiler/msg/ProfilerEntry.lisp, /home/dars/kameyama_ws/devel/share/common-lisp/ros/tictoc_profiler/msg/ProfilerEntry.lisp)
Linked: (/home/dars/kameyama_ws/devel/.private/tictoc_profiler/share/roseus/ros/tictoc_profiler/manifest.l, /home/dars/kameyama_ws/devel/share/roseus/ros/tictoc_profiler/manifest.l)
Linked: (/home/dars/kameyama_ws/devel/.private/tictoc_profiler/share/roseus/ros/tictoc_profiler/msg/ProfilerEntry.l, /home/dars/kameyama_ws/devel/share/roseus/ros/tictoc_profiler/msg/ProfilerEntry.l)
Linked: (/home/dars/kameyama_ws/devel/.private/tictoc_profiler/share/gennodejs/ros/tictoc_profiler/_index.js, /home/dars/kameyama_ws/devel/share/gennodejs/ros/tictoc_profiler/_index.js)
Linked: (/home/dars/kameyama_ws/devel/.private/tictoc_profiler/share/gennodejs/ros/tictoc_profiler/msg/ProfilerEntry.js, /home/dars/kameyama_ws/devel/share/gennodejs/ros/tictoc_profiler/msg/ProfilerEntry.js)
Linked: (/home/dars/kameyama_ws/devel/.private/tictoc_profiler/share/gennodejs/ros/tictoc_profiler/msg/_index.js, /home/dars/kameyama_ws/devel/share/gennodejs/ros/tictoc_profiler/msg/_index.js)
Linked: (/home/dars/kameyama_ws/devel/.private/tictoc_profiler/share/tictoc_profiler/cmake/tictoc_profilerConfig-version.cmake, /home/dars/kameyama_ws/devel/share/tictoc_profiler/cmake/tictoc_profilerConfig-version.cmake)
Linked: (/home/dars/kameyama_ws/devel/.private/tictoc_profiler/share/tictoc_profiler/cmake/tictoc_profiler-msg-extras.cmake, /home/dars/kameyama_ws/devel/share/tictoc_profiler/cmake/tictoc_profiler-msg-extras.cmake)
Linked: (/home/dars/kameyama_ws/devel/.private/tictoc_profiler/share/tictoc_profiler/cmake/tictoc_profilerConfig.cmake, /home/dars/kameyama_ws/devel/share/tictoc_profiler/cmake/tictoc_profilerConfig.cmake)
Linked: (/home/dars/kameyama_ws/devel/.private/tictoc_profiler/share/tictoc_profiler/cmake/tictoc_profiler-msg-paths.cmake, /home/dars/kameyama_ws/devel/share/tictoc_profiler/cmake/tictoc_profiler-msg-paths.cmake)
Linked: (/home/dars/kameyama_ws/devel/.private/tictoc_profiler/lib/libtictoc_profiler.so, /home/dars/kameyama_ws/devel/lib/libtictoc_profiler.so)
Linked: (/home/dars/kameyama_ws/devel/.private/tictoc_profiler/lib/python3/dist-packages/tictoc_profiler/__init__.py, /home/dars/kameyama_ws/devel/lib/python3/dist-packages/tictoc_profiler/__init__.py)
Linked: (/home/dars/kameyama_ws/devel/.private/tictoc_profiler/lib/python3/dist-packages/tictoc_profiler/msg/__init__.py, /home/dars/kameyama_ws/devel/lib/python3/dist-packages/tictoc_profiler/msg/__init__.py)
Linked: (/home/dars/kameyama_ws/devel/.private/tictoc_profiler/lib/python3/dist-packages/tictoc_profiler/msg/_ProfilerEntry.py, /home/dars/kameyama_ws/devel/lib/python3/dist-packages/tictoc_profiler/msg/_ProfilerEntry.py)
Linked: (/home/dars/kameyama_ws/devel/.private/tictoc_profiler/lib/pkgconfig/tictoc_profiler.pc, /home/dars/kameyama_ws/devel/lib/pkgconfig/tictoc_profiler.pc)
Linked: (/home/dars/kameyama_ws/devel/.private/tictoc_profiler/lib/tictoc_profiler/tictoc_profiler_example, /home/dars/kameyama_ws/devel/lib/tictoc_profiler/tictoc_profiler_example)
Linked: (/home/dars/kameyama_ws/devel/.private/tictoc_profiler/include/tictoc_profiler/ProfilerEntry.h, /home/dars/kameyama_ws/devel/include/tictoc_profiler/ProfilerEntry.h)
