Symlinking /home/dars/kameyama_ws/devel/share/common-lisp/ros/tictoc_profiler/msg/tictoc_profiler-msg.asd
Symlinking /home/dars/kameyama_ws/devel/share/common-lisp/ros/tictoc_profiler/msg/_package.lisp
Symlinking /home/dars/kameyama_ws/devel/share/common-lisp/ros/tictoc_profiler/msg/_package_ProfilerEntry.lisp
Symlinking /home/dars/kameyama_ws/devel/share/common-lisp/ros/tictoc_profiler/msg/ProfilerEntry.lisp
Symlinking /home/dars/kameyama_ws/devel/share/roseus/ros/tictoc_profiler/manifest.l
Symlinking /home/dars/kameyama_ws/devel/share/roseus/ros/tictoc_profiler/msg/ProfilerEntry.l
Symlinking /home/dars/kameyama_ws/devel/share/gennodejs/ros/tictoc_profiler/_index.js
Symlinking /home/dars/kameyama_ws/devel/share/gennodejs/ros/tictoc_profiler/msg/ProfilerEntry.js
Symlinking /home/dars/kameyama_ws/devel/share/gennodejs/ros/tictoc_profiler/msg/_index.js
Symlinking /home/dars/kameyama_ws/devel/share/tictoc_profiler/cmake/tictoc_profilerConfig-version.cmake
Symlinking /home/dars/kameyama_ws/devel/share/tictoc_profiler/cmake/tictoc_profiler-msg-extras.cmake
Symlinking /home/dars/kameyama_ws/devel/share/tictoc_profiler/cmake/tictoc_profilerConfig.cmake
Symlinking /home/dars/kameyama_ws/devel/share/tictoc_profiler/cmake/tictoc_profiler-msg-paths.cmake
Symlinking /home/dars/kameyama_ws/devel/lib/libtictoc_profiler.so
Symlinking /home/dars/kameyama_ws/devel/lib/python3/dist-packages/tictoc_profiler/__init__.py
Symlinking /home/dars/kameyama_ws/devel/lib/python3/dist-packages/tictoc_profiler/msg/__init__.py
Symlinking /home/dars/kameyama_ws/devel/lib/python3/dist-packages/tictoc_profiler/msg/_ProfilerEntry.py
Symlinking /home/dars/kameyama_ws/devel/lib/pkgconfig/tictoc_profiler.pc
Symlinking /home/dars/kameyama_ws/devel/lib/tictoc_profiler/tictoc_profiler_example
Symlinking /home/dars/kameyama_ws/devel/include/tictoc_profiler/ProfilerEntry.h
