[  0%] Built target std_msgs_generate_messages_py
[  0%] Built target std_msgs_generate_messages_lisp
[  0%] Built target std_msgs_generate_messages_eus
[  0%] Built target std_msgs_generate_messages_nodejs
[  0%] Built target std_msgs_generate_messages_cpp
[  0%] Built target _yolov5_ros_generate_messages_check_deps_yolov5_data
[ 14%] [34m[1mGenerating Lisp code from yolov5_ros/yolov5_data.msg[0m
[ 28%] [34m[1mGenerating Javascript code from yolov5_ros/yolov5_data.msg[0m
[ 57%] [34m[1mGenerating EusLisp manifest code for yolov5_ros[0m
[ 57%] [34m[1mGenerating EusLisp code from yolov5_ros/yolov5_data.msg[0m
[ 71%] [34m[1mGenerating C++ code from yolov5_ros/yolov5_data.msg[0m
[ 85%] [34m[1mGenerating Python from MSG yolov5_ros/yolov5_data[0m
[ 85%] Built target yolov5_ros_generate_messages_lisp
[ 85%] Built target yolov5_ros_generate_messages_nodejs
WARNING: Package name "D_op" does not follow the naming conventions. It should start with a lower case letter and only contain lower case letters, digits, underscores, and dashes.
[ 85%] Built target yolov5_ros_generate_messages_cpp
[100%] [34m[1mGenerating Python msg __init__.py for yolov5_ros[0m
[100%] Built target yolov5_ros_generate_messages_py
WARNING: Package name "D_op" does not follow the naming conventions. It should start with a lower case letter and only contain lower case letters, digits, underscores, and dashes.
[100%] Built target yolov5_ros_generate_messages_eus
[100%] Built target yolov5_ros_generate_messages
