Linked: (/home/dars/kameyama_ws/devel/.private/tutorial_python/share/tutorial_python/cmake/tutorial_pythonConfig-version.cmake, /home/dars/kameyama_ws/devel/share/tutorial_python/cmake/tutorial_pythonConfig-version.cmake)
Linked: (/home/dars/kameyama_ws/devel/.private/tutorial_python/share/tutorial_python/cmake/tutorial_python-msg-extras.cmake, /home/dars/kameyama_ws/devel/share/tutorial_python/cmake/tutorial_python-msg-extras.cmake)
Linked: (/home/dars/kameyama_ws/devel/.private/tutorial_python/share/tutorial_python/cmake/tutorial_pythonConfig.cmake, /home/dars/kameyama_ws/devel/share/tutorial_python/cmake/tutorial_pythonConfig.cmake)
Linked: (/home/dars/kameyama_ws/devel/.private/tutorial_python/share/tutorial_python/cmake/tutorial_python-msg-paths.cmake, /home/dars/kameyama_ws/devel/share/tutorial_python/cmake/tutorial_python-msg-paths.cmake)
Linked: (/home/dars/kameyama_ws/devel/.private/tutorial_python/share/common-lisp/ros/tutorial_python/srv/tutorial_python-srv.asd, /home/dars/kameyama_ws/devel/share/common-lisp/ros/tutorial_python/srv/tutorial_python-srv.asd)
Linked: (/home/dars/kameyama_ws/devel/.private/tutorial_python/share/common-lisp/ros/tutorial_python/srv/multiplier.lisp, /home/dars/kameyama_ws/devel/share/common-lisp/ros/tutorial_python/srv/multiplier.lisp)
Linked: (/home/dars/kameyama_ws/devel/.private/tutorial_python/share/common-lisp/ros/tutorial_python/srv/_package.lisp, /home/dars/kameyama_ws/devel/share/common-lisp/ros/tutorial_python/srv/_package.lisp)
Linked: (/home/dars/kameyama_ws/devel/.private/tutorial_python/share/common-lisp/ros/tutorial_python/srv/_package_multiplier.lisp, /home/dars/kameyama_ws/devel/share/common-lisp/ros/tutorial_python/srv/_package_multiplier.lisp)
Linked: (/home/dars/kameyama_ws/devel/.private/tutorial_python/share/common-lisp/ros/tutorial_python/msg/Position.lisp, /home/dars/kameyama_ws/devel/share/common-lisp/ros/tutorial_python/msg/Position.lisp)
Linked: (/home/dars/kameyama_ws/devel/.private/tutorial_python/share/common-lisp/ros/tutorial_python/msg/tutorial_python-msg.asd, /home/dars/kameyama_ws/devel/share/common-lisp/ros/tutorial_python/msg/tutorial_python-msg.asd)
Linked: (/home/dars/kameyama_ws/devel/.private/tutorial_python/share/common-lisp/ros/tutorial_python/msg/_package.lisp, /home/dars/kameyama_ws/devel/share/common-lisp/ros/tutorial_python/msg/_package.lisp)
Linked: (/home/dars/kameyama_ws/devel/.private/tutorial_python/share/common-lisp/ros/tutorial_python/msg/_package_Position.lisp, /home/dars/kameyama_ws/devel/share/common-lisp/ros/tutorial_python/msg/_package_Position.lisp)
Linked: (/home/dars/kameyama_ws/devel/.private/tutorial_python/share/roseus/ros/tutorial_python/manifest.l, /home/dars/kameyama_ws/devel/share/roseus/ros/tutorial_python/manifest.l)
Linked: (/home/dars/kameyama_ws/devel/.private/tutorial_python/share/roseus/ros/tutorial_python/srv/multiplier.l, /home/dars/kameyama_ws/devel/share/roseus/ros/tutorial_python/srv/multiplier.l)
Linked: (/home/dars/kameyama_ws/devel/.private/tutorial_python/share/roseus/ros/tutorial_python/msg/Position.l, /home/dars/kameyama_ws/devel/share/roseus/ros/tutorial_python/msg/Position.l)
Linked: (/home/dars/kameyama_ws/devel/.private/tutorial_python/share/gennodejs/ros/tutorial_python/_index.js, /home/dars/kameyama_ws/devel/share/gennodejs/ros/tutorial_python/_index.js)
Linked: (/home/dars/kameyama_ws/devel/.private/tutorial_python/share/gennodejs/ros/tutorial_python/srv/multiplier.js, /home/dars/kameyama_ws/devel/share/gennodejs/ros/tutorial_python/srv/multiplier.js)
Linked: (/home/dars/kameyama_ws/devel/.private/tutorial_python/share/gennodejs/ros/tutorial_python/srv/_index.js, /home/dars/kameyama_ws/devel/share/gennodejs/ros/tutorial_python/srv/_index.js)
Linked: (/home/dars/kameyama_ws/devel/.private/tutorial_python/share/gennodejs/ros/tutorial_python/msg/Position.js, /home/dars/kameyama_ws/devel/share/gennodejs/ros/tutorial_python/msg/Position.js)
Linked: (/home/dars/kameyama_ws/devel/.private/tutorial_python/share/gennodejs/ros/tutorial_python/msg/_index.js, /home/dars/kameyama_ws/devel/share/gennodejs/ros/tutorial_python/msg/_index.js)
Linked: (/home/dars/kameyama_ws/devel/.private/tutorial_python/lib/python3/dist-packages/tutorial_python/__init__.py, /home/dars/kameyama_ws/devel/lib/python3/dist-packages/tutorial_python/__init__.py)
Linked: (/home/dars/kameyama_ws/devel/.private/tutorial_python/lib/python3/dist-packages/tutorial_python/srv/_multiplier.py, /home/dars/kameyama_ws/devel/lib/python3/dist-packages/tutorial_python/srv/_multiplier.py)
Linked: (/home/dars/kameyama_ws/devel/.private/tutorial_python/lib/python3/dist-packages/tutorial_python/srv/__init__.py, /home/dars/kameyama_ws/devel/lib/python3/dist-packages/tutorial_python/srv/__init__.py)
Linked: (/home/dars/kameyama_ws/devel/.private/tutorial_python/lib/python3/dist-packages/tutorial_python/msg/__init__.py, /home/dars/kameyama_ws/devel/lib/python3/dist-packages/tutorial_python/msg/__init__.py)
Linked: (/home/dars/kameyama_ws/devel/.private/tutorial_python/lib/python3/dist-packages/tutorial_python/msg/_Position.py, /home/dars/kameyama_ws/devel/lib/python3/dist-packages/tutorial_python/msg/_Position.py)
Linked: (/home/dars/kameyama_ws/devel/.private/tutorial_python/lib/tutorial_python/publisher_node.py, /home/dars/kameyama_ws/devel/lib/tutorial_python/publisher_node.py)
Linked: (/home/dars/kameyama_ws/devel/.private/tutorial_python/lib/tutorial_python/service_client_node.py, /home/dars/kameyama_ws/devel/lib/tutorial_python/service_client_node.py)
Linked: (/home/dars/kameyama_ws/devel/.private/tutorial_python/lib/tutorial_python/service_server_node.py, /home/dars/kameyama_ws/devel/lib/tutorial_python/service_server_node.py)
Linked: (/home/dars/kameyama_ws/devel/.private/tutorial_python/lib/tutorial_python/subscriber_node.py, /home/dars/kameyama_ws/devel/lib/tutorial_python/subscriber_node.py)
Linked: (/home/dars/kameyama_ws/devel/.private/tutorial_python/lib/tutorial_python/cmake.lock, /home/dars/kameyama_ws/devel/lib/tutorial_python/cmake.lock)
Linked: (/home/dars/kameyama_ws/devel/.private/tutorial_python/lib/pkgconfig/tutorial_python.pc, /home/dars/kameyama_ws/devel/lib/pkgconfig/tutorial_python.pc)
Linked: (/home/dars/kameyama_ws/devel/.private/tutorial_python/include/tutorial_python/Position.h, /home/dars/kameyama_ws/devel/include/tutorial_python/Position.h)
Linked: (/home/dars/kameyama_ws/devel/.private/tutorial_python/include/tutorial_python/multiplierResponse.h, /home/dars/kameyama_ws/devel/include/tutorial_python/multiplierResponse.h)
Linked: (/home/dars/kameyama_ws/devel/.private/tutorial_python/include/tutorial_python/multiplierRequest.h, /home/dars/kameyama_ws/devel/include/tutorial_python/multiplierRequest.h)
Linked: (/home/dars/kameyama_ws/devel/.private/tutorial_python/include/tutorial_python/multiplier.h, /home/dars/kameyama_ws/devel/include/tutorial_python/multiplier.h)
